# JRE version: OpenJDK Runtime Environment (8.0_152-b01) (build 1.8.0_152-release-1343-b01)
# Java VM: OpenJDK 64-Bit Server VM (25.152-b01 mixed mode windows-amd64 compressed oops)
Heap:
 PSYoungGen      total 298496K, used 221431K [0x00000000e0000000, 0x00000000f4d00000, 0x0000000100000000)
  eden space 276480K, 72% used [0x00000000e0000000,0x00000000ec2c3240,0x00000000f0e00000)
  from space 22016K, 99% used [0x00000000f1700000,0x00000000f2c7abe8,0x00000000f2c80000)
  to   space 32256K, 0% used [0x00000000f2d80000,0x00000000f2d80000,0x00000000f4d00000)
 ParOldGen       total 223232K, used 52705K [0x00000000a0000000, 0x00000000ada00000, 0x00000000e0000000)
  object space 223232K, 23% used [0x00000000a0000000,0x00000000a3378408,0x00000000ada00000)
 Metaspace       used 93862K, capacity 97660K, committed 97920K, reserved 1134592K
  class space    used 12063K, capacity 12878K, committed 12928K, reserved 1048576K
GC Heap History (10 events):
Event: 9.306 GC heap before
{Heap before GC invocations=10 (full 2):
 PSYoungGen      total 178176K, used 94666K [0x00000000e0000000, 0x00000000f1800000, 0x0000000100000000)
  eden space 163840K, 49% used [0x00000000e0000000,0x00000000e4e76d58,0x00000000ea000000)
  from space 14336K, 99% used [0x00000000ea000000,0x00000000eadfbd70,0x00000000eae00000)
  to   space 18944K, 0% used [0x00000000f0580000,0x00000000f0580000,0x00000000f1800000)
 ParOldGen       total 155136K, used 23552K [0x00000000a0000000, 0x00000000a9780000, 0x00000000e0000000)
  object space 155136K, 15% used [0x00000000a0000000,0x00000000a17000b0,0x00000000a9780000)
 Metaspace       used 57579K, capacity 58986K, committed 59096K, reserved 1099776K
  class space    used 7633K, capacity 7983K, committed 8064K, reserved 1048576K
Event: 9.323 GC heap after
Heap after GC invocations=10 (full 2):
 PSYoungGen      total 265728K, used 17100K [0x00000000e0000000, 0x00000000f1c80000, 0x0000000100000000)
  eden space 246784K, 0% used [0x00000000e0000000,0x00000000e0000000,0x00000000ef100000)
  from space 18944K, 90% used [0x00000000f0580000,0x00000000f1633208,0x00000000f1800000)
  to   space 20992K, 0% used [0x00000000ef100000,0x00000000ef100000,0x00000000f0580000)
 ParOldGen       total 155136K, used 23624K [0x00000000a0000000, 0x00000000a9780000, 0x00000000e0000000)
  object space 155136K, 15% used [0x00000000a0000000,0x00000000a17120c0,0x00000000a9780000)
 Metaspace       used 57579K, capacity 58986K, committed 59096K, reserved 1099776K
  class space    used 7633K, capacity 7983K, committed 8064K, reserved 1048576K
}
Event: 9.323 GC heap before
{Heap before GC invocations=11 (full 3):
 PSYoungGen      total 265728K, used 17100K [0x00000000e0000000, 0x00000000f1c80000, 0x0000000100000000)
  eden space 246784K, 0% used [0x00000000e0000000,0x00000000e0000000,0x00000000ef100000)
  from space 18944K, 90% used [0x00000000f0580000,0x00000000f1633208,0x00000000f1800000)
  to   space 20992K, 0% used [0x00000000ef100000,0x00000000ef100000,0x00000000f0580000)
 ParOldGen       total 155136K, used 23624K [0x00000000a0000000, 0x00000000a9780000, 0x00000000e0000000)
  object space 155136K, 15% used [0x00000000a0000000,0x00000000a17120c0,0x00000000a9780000)
 Metaspace       used 57579K, capacity 58986K, committed 59096K, reserved 1099776K
  class space    used 7633K, capacity 7983K, committed 8064K, reserved 1048576K
Event: 9.499 GC heap after
Heap after GC invocations=11 (full 3):
 PSYoungGen      total 265728K, used 0K [0x00000000e0000000, 0x00000000f1c80000, 0x0000000100000000)
  eden space 246784K, 0% used [0x00000000e0000000,0x00000000e0000000,0x00000000ef100000)
  from space 18944K, 0% used [0x00000000f0580000,0x00000000f0580000,0x00000000f1800000)
  to   space 20992K, 0% used [0x00000000ef100000,0x00000000ef100000,0x00000000f0580000)
 ParOldGen       total 223232K, used 32053K [0x00000000a0000000, 0x00000000ada00000, 0x00000000e0000000)
  object space 223232K, 14% used [0x00000000a0000000,0x00000000a1f4d608,0x00000000ada00000)
 Metaspace       used 57553K, capacity 58898K, committed 59096K, reserved 1099776K
  class space    used 7626K, capacity 7975K, committed 8064K, reserved 1048576K
}
Event: 99.082 GC heap before
{Heap before GC invocations=12 (full 3):
 PSYoungGen      total 265728K, used 246784K [0x00000000e0000000, 0x00000000f1c80000, 0x0000000100000000)
  eden space 246784K, 100% used [0x00000000e0000000,0x00000000ef100000,0x00000000ef100000)
  from space 18944K, 0% used [0x00000000f0580000,0x00000000f0580000,0x00000000f1800000)
  to   space 20992K, 0% used [0x00000000ef100000,0x00000000ef100000,0x00000000f0580000)
 ParOldGen       total 223232K, used 32053K [0x00000000a0000000, 0x00000000ada00000, 0x00000000e0000000)
  object space 223232K, 14% used [0x00000000a0000000,0x00000000a1f4d608,0x00000000ada00000)
 Metaspace       used 70599K, capacity 72892K, committed 73088K, reserved 1112064K
  class space    used 9290K, capacity 9780K, committed 9856K, reserved 1048576K
Event: 99.111 GC heap after
Heap after GC invocations=12 (full 3):
 PSYoungGen      total 267776K, used 19101K [0x00000000e0000000, 0x00000000f4a00000, 0x0000000100000000)
  eden space 246784K, 0% used [0x00000000e0000000,0x00000000e0000000,0x00000000ef100000)
  from space 20992K, 90% used [0x00000000ef100000,0x00000000f03a7490,0x00000000f0580000)
  to   space 22528K, 0% used [0x00000000f3400000,0x00000000f3400000,0x00000000f4a00000)
 ParOldGen       total 223232K, used 32061K [0x00000000a0000000, 0x00000000ada00000, 0x00000000e0000000)
  object space 223232K, 14% used [0x00000000a0000000,0x00000000a1f4f608,0x00000000ada00000)
 Metaspace       used 70599K, capacity 72892K, committed 73088K, reserved 1112064K
  class space    used 9290K, capacity 9780K, committed 9856K, reserved 1048576K
}
Event: 3202.482 GC heap before
{Heap before GC invocations=13 (full 3):
 PSYoungGen      total 267776K, used 265885K [0x00000000e0000000, 0x00000000f4a00000, 0x0000000100000000)
  eden space 246784K, 100% used [0x00000000e0000000,0x00000000ef100000,0x00000000ef100000)
  from space 20992K, 90% used [0x00000000ef100000,0x00000000f03a7490,0x00000000f0580000)
  to   space 22528K, 0% used [0x00000000f3400000,0x00000000f3400000,0x00000000f4a00000)
 ParOldGen       total 223232K, used 32061K [0x00000000a0000000, 0x00000000ada00000, 0x00000000e0000000)
  object space 223232K, 14% used [0x00000000a0000000,0x00000000a1f4f608,0x00000000ada00000)
 Metaspace       used 72745K, capacity 75542K, committed 75648K, reserved 1114112K
  class space    used 9438K, capacity 10043K, committed 10112K, reserved 1048576K
Event: 3202.562 GC heap after
Heap after GC invocations=13 (full 3):
 PSYoungGen      total 299008K, used 14110K [0x00000000e0000000, 0x00000000f4200000, 0x0000000100000000)
  eden space 284672K, 0% used [0x00000000e0000000,0x00000000e0000000,0x00000000f1600000)
  from space 14336K, 98% used [0x00000000f3400000,0x00000000f41c7908,0x00000000f4200000)
  to   space 22016K, 0% used [0x00000000f1700000,0x00000000f1700000,0x00000000f2c80000)
 ParOldGen       total 223232K, used 32069K [0x00000000a0000000, 0x00000000ada00000, 0x00000000e0000000)
  object space 223232K, 14% used [0x00000000a0000000,0x00000000a1f51608,0x00000000ada00000)
 Metaspace       used 72745K, capacity 75542K, committed 75648K, reserved 1114112K
  class space    used 9438K, capacity 10043K, committed 10112K, reserved 1048576K
}
Event: 3209.620 GC heap before
{Heap before GC invocations=14 (full 3):
 PSYoungGen      total 299008K, used 298782K [0x00000000e0000000, 0x00000000f4200000, 0x0000000100000000)
  eden space 284672K, 100% used [0x00000000e0000000,0x00000000f1600000,0x00000000f1600000)
  from space 14336K, 98% used [0x00000000f3400000,0x00000000f41c7908,0x00000000f4200000)
  to   space 22016K, 0% used [0x00000000f1700000,0x00000000f1700000,0x00000000f2c80000)
 ParOldGen       total 223232K, used 32069K [0x00000000a0000000, 0x00000000ada00000, 0x00000000e0000000)
  object space 223232K, 14% used [0x00000000a0000000,0x00000000a1f51608,0x00000000ada00000)
 Metaspace       used 89806K, capacity 93586K, committed 93696K, reserved 1130496K
  class space    used 11746K, capacity 12501K, committed 12544K, reserved 1048576K
Event: 3209.666 GC heap after
Heap after GC invocations=14 (full 3):
 PSYoungGen      total 298496K, used 21994K [0x00000000e0000000, 0x00000000f4d00000, 0x0000000100000000)
  eden space 276480K, 0% used [0x00000000e0000000,0x00000000e0000000,0x00000000f0e00000)
  from space 22016K, 99% used [0x00000000f1700000,0x00000000f2c7abe8,0x00000000f2c80000)
  to   space 32256K, 0% used [0x00000000f2d80000,0x00000000f2d80000,0x00000000f4d00000)
 ParOldGen       total 223232K, used 52705K [0x00000000a0000000, 0x00000000ada00000, 0x00000000e0000000)
  object space 223232K, 23% used [0x00000000a0000000,0x00000000a3378408,0x00000000ada00000)
 Metaspace       used 89806K, capacity 93586K, committed 93696K, reserved 1130496K
  class space    used 11746K, capacity 12501K, committed 12544K, reserved 1048576K
}

